This is pdfeTeX, Version 3.141592-1.21a-2.2 (Web2C 7.5.4) (format=latex 2014.2.27)  7 DEC 2015 08:43
entering extended mode
**work.tex
(./work.tex
LaTeX2e <2003/12/01>
Babel <v3.8d> and hyphenation patterns for american, french, german, ngerman, b
ahasa, basque, bulgarian, catalan, croatian, czech, danish, dutch, esperanto, e
stonian, finnish, greek, icelandic, irish, italian, latin, magyar, norsk, polis
h, portuges, romanian, russian, serbian, slovak, slovene, spanish, swedish, tur
kish, ukrainian, nohyphenation, loaded.
(/usr/share/texmf/tex/latex/base/article.cls
Document Class: article 2004/02/16 v1.4f Standard LaTeX document class
(/usr/share/texmf/tex/latex/base/size11.clo
File: size11.clo 2004/02/16 v1.4f Standard LaTeX file (size option)
)
\c@part=\count79
\c@section=\count80
\c@subsection=\count81
\c@subsubsection=\count82
\c@paragraph=\count83
\c@subparagraph=\count84
\c@figure=\count85
\c@table=\count86
\abovecaptionskip=\skip41
\belowcaptionskip=\skip42
\bibindent=\dimen102
)
(/usr/share/texmf/tex/latex/graphics/graphics.sty
Package: graphics 2001/07/07 v1.0n Standard LaTeX Graphics (DPC,SPQR)

(/usr/share/texmf/tex/latex/graphics/trig.sty
Package: trig 1999/03/16 v1.09 sin cos tan (DPC)
)
(/usr/share/texmf/tex/latex/graphics/graphics.cfg
File: graphics.cfg 2005/02/03 v1.3 graphics configuration of teTeX/TeXLive
)
Package graphics Info: Driver file: dvips.def on input line 80.

(/usr/share/texmf/tex/latex/graphics/dvips.def
File: dvips.def 1999/02/16 v3.0i Driver-dependant file (DPC,SPQR)
))

LaTeX Warning: Unused global option(s):
    [psfig].

(./work.aux (./copyright.aux) (./work1.aux) (./work2.aux) (./work3.aux)
(./work4.aux) (./work5.aux) (./work6.aux) (./work7.aux) (./work8.aux))
\openout1 = `work.aux'.

LaTeX Font Info:    Checking defaults for OML/cmm/m/it on input line 17.
LaTeX Font Info:    ... okay on input line 17.
LaTeX Font Info:    Checking defaults for T1/cmr/m/n on input line 17.
LaTeX Font Info:    ... okay on input line 17.
LaTeX Font Info:    Checking defaults for OT1/cmr/m/n on input line 17.
LaTeX Font Info:    ... okay on input line 17.
LaTeX Font Info:    Checking defaults for OMS/cmsy/m/n on input line 17.
LaTeX Font Info:    ... okay on input line 17.
LaTeX Font Info:    Checking defaults for OMX/cmex/m/n on input line 17.
LaTeX Font Info:    ... okay on input line 17.
LaTeX Font Info:    Checking defaults for U/cmr/m/n on input line 17.
LaTeX Font Info:    ... okay on input line 17.
LaTeX Font Info:    External font `cmex10' loaded for size
(Font)              <12> on input line 43.
LaTeX Font Info:    External font `cmex10' loaded for size
(Font)              <8> on input line 43.
LaTeX Font Info:    External font `cmex10' loaded for size
(Font)              <6> on input line 43.
 [1

]
\openout2 = `copyright.aux'.


(./copyright.tex
LaTeX Font Info:    External font `cmex10' loaded for size
(Font)              <10.95> on input line 1.

Underfull \hbox (badness 10000) in paragraph at lines 1--5

 []


Underfull \hbox (badness 10000) in paragraph at lines 1--5

 []


Underfull \hbox (badness 10000) in paragraph at lines 1--5

 []

LaTeX Font Info:    Try loading font information for OMS+cmr on input line 6.
(/usr/share/texmf/tex/latex/base/omscmr.fd
File: omscmr.fd 1999/05/25 v2.5h Standard LaTeX font definitions
)
LaTeX Font Info:    Font shape `OMS/cmr/m/n' in size <10.95> not available
(Font)              Font shape `OMS/cmsy/m/n' tried instead on input line 6.

Underfull \hbox (badness 10000) in paragraph at lines 6--9

 []


Underfull \hbox (badness 10000) in paragraph at lines 6--9

 []

) [2

]
\openout2 = `work1.aux'.

 (./work1.tex
LaTeX Font Info:    External font `cmex10' loaded for size
(Font)              <5> on input line 35.

Overfull \hbox (42.94577pt too wide) in paragraph at lines 35--46
[]$[]$
 []


Underfull \hbox (badness 10000) in paragraph at lines 35--46

 []

File: ./Fig1/2wheel.eps Graphic file (type eps)
<./Fig1/2wheel.eps>) [3


] [4]
\openout2 = `work2.aux'.

 (./work2.tex
File: ./Fig2/forms.eps Graphic file (type eps)
 <./Fig2/forms.eps> [5


]
File: ./Fig2/cd-tt.eps Graphic file (type eps)

<./Fig2/cd-tt.eps>
Overfull \hbox (8.27849pt too wide) in paragraph at lines 80--95
[][] 
 []


Overfull \hbox (138.14784pt too wide) in paragraph at lines 103--108
[]\OT1/cmr/bx/n/10.95 Symbolic to Cir-cuit Di-a-gram Easy []
 []


Overfull \hbox (217.70885pt too wide) in paragraph at lines 109--114
[]\OT1/cmr/bx/n/10.95 Symbolic to Cir-cuit Di-a-gram Hard []
 []

[6] [7]) [8]
\openout2 = `work3.aux'.

 (./work3.tex [9


] [10] [11]
Overfull \hbox (13.0096pt too wide) in paragraph at lines 198--198
[]
 []


Underfull \hbox (badness 10000) in paragraph at lines 198--198

 []


Overfull \hbox (7.58171pt too wide) in paragraph at lines 199--199
[]
 []


Underfull \hbox (badness 10000) in paragraph at lines 199--199

 []

) [12]
\openout2 = `work4.aux'.

 (./work4.tex
Overfull \hbox (7.48952pt too wide) in paragraph at lines 1--1
[]\OT1/cmr/bx/n/14.4 Chapter 4 -- Com-bi-na-tional Logic Build-ing Blocks 
 []


Overfull \hbox (3.62968pt too wide) in paragraph at lines 9--17
[][] 
 []


Overfull \hbox (3.62968pt too wide) in paragraph at lines 18--26
[][] 
 []


Overfull \hbox (3.62968pt too wide) in paragraph at lines 28--36
[][] 
 []


Overfull \hbox (3.62968pt too wide) in paragraph at lines 38--52
[][] 
 []

[13


]
File: ./FigWork/OddDecoder.eps Graphic file (type eps)
 <./FigWork/OddDecoder.eps>
File: ./FigWork/OddMux.eps Graphic file (type eps)
 <./FigWork/OddMux.eps> [14]) [15]
\openout2 = `work5.aux'.

 (./work5.tex
[16


]
File: ./FigWork/SRlatch.eps Graphic file (type eps)
 <./FigWork/SRlatch.eps>
File: ./FigWork/SRlatch.eps Graphic file (type eps)
 <./FigWork/SRlatch.eps>
File: ./FigWork/SRlatch.eps Graphic file (type eps)
 <./FigWork/SRlatch.eps>
File: ./FigWork/SRlatch.eps Graphic file (type eps)

<./FigWork/SRlatch.eps>
File: ./FigWork/BMEtime.eps Graphic file (type eps)
 <./FigWork/BMEtime.eps>
Overfull \hbox (34.91187pt too wide) in paragraph at lines 102--103
[][] 
 []

) [17]
\openout2 = `work6.aux'.

 (./work6.tex
Overfull \hbox (18.12956pt too wide) in paragraph at lines 1--1
[]\OT1/cmr/bx/n/14.4 Chapter 6 -- Ba-sic Se-quen-tial Logic Build-ing Blocks 
 []


Overfull \hbox (3.62968pt too wide) in paragraph at lines 10--27
[][] 
 []


Overfull \hbox (3.62968pt too wide) in paragraph at lines 29--48
[][] 
 []


Overfull \hbox (75.89969pt too wide) in paragraph at lines 50--70
[][] 
 []

[18


]
Overfull \hbox (75.89969pt too wide) in paragraph at lines 72--82
[][] 
 []


Underfull \hbox (badness 2556) in paragraph at lines 86--87
[]\OT1/cmr/m/n/10.95 M-bit vec-tor $\OML/cmm/m/it/10.95 D \OT1/cmr/m/n/10.95 = 
\OML/cmm/m/it/10.95 d[] [] d[]d[]$ $log[]\OT1/cmr/m/n/10.95 (\OML/cmm/m/it/10.9
5 N\OT1/cmr/m/n/10.95 )$-bit ad-dress $\OML/cmm/m/it/10.95 A \OT1/cmr/m/n/10.95
 =
 []


Overfull \hbox (75.89969pt too wide) in paragraph at lines 84--102
[][] 
 []

[19]
File: ./FigWork/OneBitTime.eps Graphic file (type eps)
 <./FigWork/OneBitTime.eps>
File: ./FigWork/TwoBitTime.eps Graphic file (type eps)
 <./FigWork/TwoBitTime.eps> [20]
File: ./FigWork/Wire.eps Graphic file (type eps)

<./FigWork/Wire.eps>
Overfull \hbox (20.79471pt too wide) in paragraph at lines 138--151
[][] 
 []

File: ./FigWork/RAMTime.eps Graphic file (type eps)
<./FigWork/RAMTime.eps> [21]
File: ./FigWork/work1.eps Graphic file (type eps)
 <./FigWork/work1.eps>
Overfull \hbox (34.74756pt too wide) in paragraph at lines 163--164
[][] 
 []

File: ./FigWork/work2.eps Graphic file (type eps)
<./FigWork/work2.eps>
Overfull \hbox (9.65381pt too wide) in paragraph at lines 168--169
[][] 
 []

File: ./FigWork/work3.eps Graphic file (type eps)
<./FigWork/work3.eps> [22]
Overfull \hbox (1.51537pt too wide) in paragraph at lines 181--182
[]\OT1/cmr/m/n/10.95 Note the la-
 []

File: ./FigWork/BBBtiming1.eps Graphic file (type eps)
<./FigWork/BBBtiming1.eps>
Overfull \hbox (11.6613pt too wide) in paragraph at lines 183--184
[][] 
 []


Overfull \hbox (1.51537pt too wide) in paragraph at lines 193--194
[]\OT1/cmr/m/n/10.95 Note the la-
 []

File: ./FigWork/BBBtiming2.eps Graphic file (type eps)
<./FigWork/BBBtiming2.eps>
Overfull \hbox (7.6463pt too wide) in paragraph at lines 195--196
[][] 
 []

) [23]
\openout2 = `work7.aux'.

 (./work7.tex
File: ./Fig7/GenFSM.eps Graphic file (type eps)
 <./Fig7/GenFSM.eps>
File: ./FigWork/StateDiagram.eps Graphic file (type eps)
 <./FigWork/StateDiagram.eps> [24


]
Overfull \hbox (5.6264pt too wide) in paragraph at lines 39--41
[]\OT1/cmr/m/n/10.95 Use the state as-sign-
 []


Overfull \hbox (12.31549pt too wide) in paragraph at lines 62--64
[]\OT1/cmr/m/n/10.95 Use the tran-sis-tion kmap given
 []

[25]
File: ./FigWork/StateDiagram.eps Graphic file (type eps)
 <./FigWork/StateDiagram.eps> [26]
Overfull \hbox (1.2488pt too wide) in paragraph at lines 134--160
[]
 []


Overfull \hbox (33.18945pt too wide) in paragraph at lines 134--160
[] 
 []

[27])
\openout2 = `work8.aux'.

 (./work8.tex
File: ./Fig8/Abstract.eps Graphic file (type eps)
 <./Fig8/Abstract.eps>
Overfull \hbox (74.23904pt too wide) in paragraph at lines 20--38
[][]
 []

File: ./Fig8/For.eps Graphic file (type eps)
<./Fig8/For.eps>
File: ./Fig8/IfThen.eps Graphic file (type eps)
 <./Fig8/IfThen.eps>
File: ./Fig8/While.eps Graphic file (type eps)
 <./Fig8/While.eps>
File: ./Fig8/Op.eps Graphic file (type eps)
 <./Fig8/Op.eps>
Overfull \hbox (91.53377pt too wide) in paragraph at lines 50--57
[][] 
 []

[28


]
Overfull \hbox (41.03976pt too wide) in paragraph at lines 81--81
 []\OT1/cmtt/m/n/10.95 1.  min = 0xFF;               // Set the min reg to larg
est value[] 
 []


Overfull \hbox (35.29108pt too wide) in paragraph at lines 81--81
 []\OT1/cmtt/m/n/10.95 2.  for (i=0; i<100; i++) {   // Search through the enti
re array[] 
 []


Overfull \hbox (41.03976pt too wide) in paragraph at lines 81--81
 []\OT1/cmtt/m/n/10.95 3.      MBR=RAM[i];           // read an 8-bit value fro
m the RAM[] 
 []


Overfull \hbox (6.54764pt too wide) in paragraph at lines 81--81
 []\OT1/cmtt/m/n/10.95 4.      if (MBR<min) then     // If MBR is smaller than 
min[] 
 []


Overfull \hbox (64.03452pt too wide) in paragraph at lines 81--81
 []\OT1/cmtt/m/n/10.95 5.          min = MBR;        //   then set min to the s
mallest value[] 
 []

File: ./Fig8/MinSearch.eps Graphic file (type eps)
<./Fig8/MinSearch.eps>
Overfull \hbox (101.5954pt too wide) in paragraph at lines 84--85
[][] 
 []

[29]
Overfull \hbox (76.75081pt too wide) in paragraph at lines 87--102
[][] 
 []

[30]
File: ./Fig8/MinSearch2.eps Graphic file (type eps)
 <./Fig8/MinSearch2.eps>
File: ./Fig8/MinSearch2.eps Graphic file (type eps)
 <./Fig8/MinSearch2.eps>
File: ./Fig8/MinSearch2.eps Graphic file (type eps)
 <./Fig8/MinSearch2.eps>
File: ./Fig8/MinSearch2.eps Graphic file (type eps)

<./Fig8/MinSearch2.eps>
File: ./Fig8/MinSearch2.eps Graphic file (type eps)
 <./Fig8/MinSearch2.eps>
File: ./Fig8/MinSearch2.eps Graphic file (type eps)
 <./Fig8/MinSearch2.eps>
File: ./Fig8/MinSearch2.eps Graphic file (type eps)

<./Fig8/MinSearch2.eps>
File: ./Fig8/MinSearch2.eps Graphic file (type eps)
 <./Fig8/MinSearch2.eps>
Overfull \hbox (57.0114pt too wide) in paragraph at lines 117--131
[][] 
 []

[31]
Overfull \hbox (0.79895pt too wide) in paragraph at lines 158--158
 []\OT1/cmtt/m/n/10.95 2.      while(REQ==0);          // Wait for the REQ sign
al[] 
 []


Overfull \hbox (29.54239pt too wide) in paragraph at lines 158--158
 []\OT1/cmtt/m/n/10.95 3.      X = data;               // When we get a REQ lat
ch data[] 
 []


Overfull \hbox (18.04501pt too wide) in paragraph at lines 158--158
 []\OT1/cmtt/m/n/10.95 11          X = X >> 1;         // Shift X to the right 
1 bit[] 
 []

File: ./Fig8/BitCount1.eps Graphic file (type eps)
<./Fig8/BitCount1.eps>
Overfull \hbox (25.71223pt too wide) in paragraph at lines 160--161
[][] 
 []

[32] [33]
File: ./Fig8/RAMmatch.eps Graphic file (type eps)
 <./Fig8/RAMmatch.eps>
Overfull \hbox (34.24568pt too wide) in paragraph at lines 221--222
[][] 
 []


Overfull \hbox (50.14389pt too wide) in paragraph at lines 224--238
[][]
 []


Underfull \hbox (badness 10000) in paragraph at lines 224--238

 []

[34]) [35] (./work.aux (./copyright.aux) (./work1.aux) (./work2.aux)
(./work3.aux) (./work4.aux) (./work5.aux) (./work6.aux) (./work7.aux)
(./work8.aux)) ) 
Here is how much of TeX's memory you used:
 621 strings out of 94501
 6958 string characters out of 1176789
 69141 words of memory out of 1000000
 3755 multiletter control sequences out of 10000+50000
 9624 words of font info for 34 fonts, out of 500000 for 2000
 580 hyphenation exceptions out of 1000
 22i,15n,19p,174b,302s stack positions out of 1500i,500n,5000p,200000b,5000s

Output written on work.dvi (35 pages, 95788 bytes).
