This is pdfeTeX, Version 3.141592-1.21a-2.2 (Web2C 7.5.4) (format=latex 2008.1.29)  7 DEC 2009 10:53
entering extended mode
**hand9.tex
(./hand9.tex
LaTeX2e <2003/12/01>
Babel <v3.8d> and hyphenation patterns for american, french, german, ngerman, b
ahasa, basque, bulgarian, catalan, croatian, czech, danish, dutch, esperanto, e
stonian, finnish, greek, icelandic, irish, italian, latin, magyar, norsk, polis
h, portuges, romanian, russian, serbian, slovak, slovene, spanish, swedish, tur
kish, ukrainian, nohyphenation, loaded.
(/usr/share/texmf/tex/latex/base/article.cls
Document Class: article 2004/02/16 v1.4f Standard LaTeX document class
(/usr/share/texmf/tex/latex/base/size10.clo
File: size10.clo 2004/02/16 v1.4f Standard LaTeX file (size option)
)
\c@part=\count79
\c@section=\count80
\c@subsection=\count81
\c@subsubsection=\count82
\c@paragraph=\count83
\c@subparagraph=\count84
\c@figure=\count85
\c@table=\count86
\abovecaptionskip=\skip41
\belowcaptionskip=\skip42
\bibindent=\dimen102
)
(/usr/share/texmf/tex/latex/graphics/graphicx.sty
Package: graphicx 1999/02/16 v1.0f Enhanced LaTeX Graphics (DPC,SPQR)

(/usr/share/texmf/tex/latex/graphics/keyval.sty
Package: keyval 1999/03/16 v1.13 key=value parser (DPC)
\KV@toks@=\toks14
)
(/usr/share/texmf/tex/latex/graphics/graphics.sty
Package: graphics 2001/07/07 v1.0n Standard LaTeX Graphics (DPC,SPQR)

(/usr/share/texmf/tex/latex/graphics/trig.sty
Package: trig 1999/03/16 v1.09 sin cos tan (DPC)
)
(/usr/share/texmf/tex/latex/graphics/graphics.cfg
File: graphics.cfg 2005/02/03 v1.3 graphics configuration of teTeX/TeXLive
)
Package graphics Info: Driver file: dvips.def on input line 80.

(/usr/share/texmf/tex/latex/graphics/dvips.def
File: dvips.def 1999/02/16 v3.0i Driver-dependant file (DPC,SPQR)
))
\Gin@req@height=\dimen103
\Gin@req@width=\dimen104
)
(/usr/share/texmf/tex/latex/graphics/lscape.sty
Package: lscape 2000/10/22 v3.01 Landscape Pages (DPC)
) (./hand9.aux)
\openout1 = `hand9.aux'.

LaTeX Font Info:    Checking defaults for OML/cmm/m/it on input line 5.
LaTeX Font Info:    ... okay on input line 5.
LaTeX Font Info:    Checking defaults for T1/cmr/m/n on input line 5.
LaTeX Font Info:    ... okay on input line 5.
LaTeX Font Info:    Checking defaults for OT1/cmr/m/n on input line 5.
LaTeX Font Info:    ... okay on input line 5.
LaTeX Font Info:    Checking defaults for OMS/cmsy/m/n on input line 5.
LaTeX Font Info:    ... okay on input line 5.
LaTeX Font Info:    Checking defaults for OMX/cmex/m/n on input line 5.
LaTeX Font Info:    ... okay on input line 5.
LaTeX Font Info:    Checking defaults for U/cmr/m/n on input line 5.
LaTeX Font Info:    ... okay on input line 5.
File: ../Fig8/Behavior.eps Graphic file (type eps)

<../Fig8/Behavior.eps>
LaTeX Font Info:    External font `cmex10' loaded for size
(Font)              <7> on input line 32.
LaTeX Font Info:    External font `cmex10' loaded for size
(Font)              <5> on input line 32.

Underfull \hbox (badness 10000) in paragraph at lines 33--33
[]\OT1/cmr/m/n/10 LED
 []


Underfull \hbox (badness 10000) in paragraph at lines 33--33
\OT1/cmr/m/n/10 bar
 []


Underfull \hbox (badness 10000) in paragraph at lines 33--33
[]\OT1/cmr/m/n/10 7-
 []


Underfull \hbox (badness 10000) in paragraph at lines 36--36
[]\OT1/cmr/m/n/10 current
 []


Underfull \hbox (badness 10000) in paragraph at lines 38--38
[]\OT1/cmr/m/n/10 current
 []


Underfull \hbox (badness 10000) in paragraph at lines 38--38
[]\OT1/cmr/m/n/10 current
 []


Underfull \hbox (badness 10000) in paragraph at lines 41--41
[]\OT1/cmr/m/n/10 current
 []


Underfull \hbox (badness 10000) in paragraph at lines 41--41
[]\OT1/cmr/m/n/10 current
 []


Underfull \hbox (badness 10000) in paragraph at lines 45--45
[]\OT1/cmr/m/n/10 cycle
 []


Underfull \hbox (badness 10000) in paragraph at lines 45--45
\OT1/cmr/m/n/10 through
 []


Underfull \hbox (badness 10000) in paragraph at lines 45--45
[]\OT1/cmr/m/n/10 current
 []

[1

] [2]
Overfull \hbox (43.49661pt too wide) in paragraph at lines 101--101
[]\OT1/cmtt/m/n/10 25.                         RAM[index] = Flip(IsOct(ScanCode
),RAM[index]);[] 
 []

[3]
File: ./LightShowCir-hand.eps Graphic file (type eps)
 <./LightShowCir-hand.eps>
Overfull \hbox (94.10199pt too wide) in paragraph at lines 105--106
 [] 
 []

LaTeX Font Info:    External font `cmex10' loaded for size
(Font)              <9> on input line 113.
LaTeX Font Info:    External font `cmex10' loaded for size
(Font)              <6> on input line 113.
[4] [5] (./hand9.aux) ) 
Here is how much of TeX's memory you used:
 558 strings out of 94501
 6475 string characters out of 1176789
 64824 words of memory out of 1000000
 3776 multiletter control sequences out of 10000+50000
 6852 words of font info for 25 fonts, out of 500000 for 2000
 580 hyphenation exceptions out of 1000
 25i,9n,19p,201b,316s stack positions out of 1500i,500n,5000p,200000b,5000s

Output written on hand9.dvi (5 pages, 13396 bytes).
