This is pdfTeX, Version 3.141592653-2.6-1.40.26 (MiKTeX 24.4) (preloaded format=pdflatex 2024.8.2)  20 NOV 2024 11:03
entering extended mode
 restricted \write18 enabled.
 %&-line parsing enabled.
**C:/Users/coulston/Documents/GitHub/Digital-Design/Labs/copyright.tex
(C:/Users/coulston/Documents/GitHub/Digital-Design/Labs/copyright.tex
LaTeX2e <2024-06-01> patch level 2
L3 programming layer <2024-05-27>

! LaTeX Error: Missing \begin{document}.

See the LaTeX manual or LaTeX Companion for explanation.
Type  H <return>  for immediate help.
 ...                                              
                                                  
l.1 T
     his document was prepared with \LaTeX.
? 
! Emergency stop.
 ...                                              
                                                  
l.1 T
     his document was prepared with \LaTeX.
You're in trouble here.  Try typing  <return>  to proceed.
If that doesn't work, type  X <return>  to quit.

 
Here is how much of TeX's memory you used:
 17 strings out of 473904
 655 string characters out of 5725185
 1925908 words of memory out of 5000000
 22984 multiletter control sequences out of 15000+600000
 558069 words of font info for 36 fonts, out of 8000000 for 9000
 1141 hyphenation exceptions out of 8191
 15i,0n,18p,143b,14s stack positions out of 10000i,1000n,20000p,200000b,200000s
!  ==> Fatal error occurred, no output PDF file produced!
